{"/home/olaide/work-space/node/fashion_hub/src/app.ts": {"path":"/home/olaide/work-space/node/fashion_hub/src/app.ts","statementMap":{"0":{"start":{"line":1,"column":0},"end":{"line":1,"column":28}},"1":{"start":{"line":2,"column":0},"end":{"line":2,"column":36}},"2":{"start":{"line":3,"column":0},"end":{"line":3,"column":30}},"3":{"start":{"line":7,"column":0},"end":{"line":7,"column":16}},"4":{"start":{"line":9,"column":0},"end":{"line":13,"column":3}},"5":{"start":{"line":10,"column":2},"end":{"line":12,"column":5}},"6":{"start":{"line":11,"column":4},"end":{"line":11,"column":65}}},"fnMap":{"0":{"name":"(anonymous_1)","decl":{"start":{"line":9,"column":26},"end":{"line":9,"column":27}},"loc":{"start":{"line":9,"column":58},"end":{"line":13,"column":1}}},"1":{"name":"(anonymous_2)","decl":{"start":{"line":10,"column":28},"end":{"line":10,"column":31}},"loc":{"start":{"line":10,"column":33},"end":{"line":12,"column":3}}}},"branchMap":{},"s":{"0":0,"1":0,"2":0,"3":0,"4":0,"5":0,"6":0},"f":{"0":0,"1":0},"b":{}}
,"/home/olaide/work-space/node/fashion_hub/src/config.ts": {"path":"/home/olaide/work-space/node/fashion_hub/src/config.ts","statementMap":{"0":{"start":{"line":3,"column":29},"end":{"line":7,"column":2}},"1":{"start":{"line":9,"column":0},"end":{"line":9,"column":22}}},"fnMap":{},"branchMap":{},"s":{"0":0,"1":0},"f":{},"b":{}}
,"/home/olaide/work-space/node/fashion_hub/src/server.ts": {"path":"/home/olaide/work-space/node/fashion_hub/src/server.ts","statementMap":{"0":{"start":{"line":3,"column":0},"end":{"line":3,"column":64}},"1":{"start":{"line":4,"column":0},"end":{"line":4,"column":67}},"2":{"start":{"line":5,"column":0},"end":{"line":5,"column":34}},"3":{"start":{"line":7,"column":0},"end":{"line":7,"column":31}},"4":{"start":{"line":9,"column":0},"end":{"line":9,"column":null}},"5":{"start":{"line":20,"column":14},"end":{"line":20,"column":23}},"6":{"start":{"line":23,"column":38},"end":{"line":24,"column":null}},"7":{"start":{"line":28,"column":2},"end":{"line":28,"column":26}},"8":{"start":{"line":31,"column":2},"end":{"line":35,"column":5}},"9":{"start":{"line":32,"column":4},"end":{"line":32,"column":56}},"10":{"start":{"line":33,"column":4},"end":{"line":33,"column":80}},"11":{"start":{"line":34,"column":4},"end":{"line":34,"column":11}},"12":{"start":{"line":40,"column":2},"end":{"line":43,"column":5}},"13":{"start":{"line":40,"column":47},"end":{"line":43,"column":4}},"14":{"start":{"line":41,"column":18},"end":{"line":41,"column":53}},"15":{"start":{"line":42,"column":4},"end":{"line":42,"column":37}},"16":{"start":{"line":45,"column":2},"end":{"line":83,"column":5}},"17":{"start":{"line":45,"column":48},"end":{"line":83,"column":4}},"18":{"start":{"line":47,"column":25},"end":{"line":47,"column":33}},"19":{"start":{"line":48,"column":27},"end":{"line":48,"column":55}},"20":{"start":{"line":50,"column":19},"end":{"line":50,"column":54}},"21":{"start":{"line":52,"column":21},"end":{"line":55,"column":null}},"22":{"start":{"line":58,"column":4},"end":{"line":81,"column":null}},"23":{"start":{"line":59,"column":6},"end":{"line":59,"column":34}},"24":{"start":{"line":60,"column":6},"end":{"line":62,"column":9}},"25":{"start":{"line":64,"column":6},"end":{"line":80,"column":null}},"26":{"start":{"line":65,"column":29},"end":{"line":66,"column":null}},"27":{"start":{"line":68,"column":8},"end":{"line":77,"column":null}},"28":{"start":{"line":69,"column":10},"end":{"line":69,"column":74}},"29":{"start":{"line":72,"column":12},"end":{"line":73,"column":143}},"30":{"start":{"line":74,"column":10},"end":{"line":76,"column":13}},"31":{"start":{"line":79,"column":8},"end":{"line":79,"column":70}},"32":{"start":{"line":82,"column":4},"end":{"line":82,"column":27}},"33":{"start":{"line":85,"column":2},"end":{"line":141,"column":5}},"34":{"start":{"line":85,"column":45},"end":{"line":141,"column":4}},"35":{"start":{"line":86,"column":19},"end":{"line":86,"column":53}},"36":{"start":{"line":88,"column":21},"end":{"line":89,"column":null}},"37":{"start":{"line":91,"column":4},"end":{"line":140,"column":null}},"38":{"start":{"line":92,"column":6},"end":{"line":92,"column":34}},"39":{"start":{"line":93,"column":6},"end":{"line":95,"column":9}},"40":{"start":{"line":97,"column":6},"end":{"line":139,"column":null}},"41":{"start":{"line":98,"column":29},"end":{"line":99,"column":null}},"42":{"start":{"line":104,"column":8},"end":{"line":108,"column":null}},"43":{"start":{"line":105,"column":10},"end":{"line":107,"column":13}},"44":{"start":{"line":111,"column":32},"end":{"line":113,"column":null}},"45":{"start":{"line":115,"column":8},"end":{"line":115,"column":37}},"46":{"start":{"line":116,"column":8},"end":{"line":120,"column":null}},"47":{"start":{"line":117,"column":10},"end":{"line":119,"column":13}},"48":{"start":{"line":124,"column":22},"end":{"line":129,"column":null}},"49":{"start":{"line":132,"column":8},"end":{"line":136,"column":11}},"50":{"start":{"line":138,"column":8},"end":{"line":138,"column":70}},"51":{"start":{"line":143,"column":2},"end":{"line":146,"column":4}},"52":{"start":{"line":149,"column":0},"end":{"line":149,"column":28}}},"fnMap":{"0":{"name":"createServer","decl":{"start":{"line":19,"column":15},"end":{"line":19,"column":27}},"loc":{"start":{"line":19,"column":48},"end":{"line":147,"column":null}}},"1":{"name":"(anonymous_10)","decl":{"start":{"line":31,"column":15},"end":{"line":31,"column":16}},"loc":{"start":{"line":31,"column":72},"end":{"line":35,"column":3}}},"2":{"name":"(anonymous_11)","decl":{"start":{"line":40,"column":19},"end":{"line":40,"column":26}},"loc":{"start":{"line":40,"column":47},"end":{"line":43,"column":4}}},"3":{"name":"(anonymous_12)","decl":{"start":{"line":40,"column":47},"end":{"line":40,"column":null}},"loc":{"start":{"line":40,"column":47},"end":{"line":43,"column":3}}},"4":{"name":"(anonymous_13)","decl":{"start":{"line":45,"column":29},"end":{"line":45,"column":36}},"loc":{"start":{"line":45,"column":48},"end":{"line":83,"column":4}}},"5":{"name":"(anonymous_14)","decl":{"start":{"line":45,"column":48},"end":{"line":45,"column":null}},"loc":{"start":{"line":45,"column":48},"end":{"line":83,"column":3}}},"6":{"name":"(anonymous_15)","decl":{"start":{"line":85,"column":26},"end":{"line":85,"column":33}},"loc":{"start":{"line":85,"column":45},"end":{"line":141,"column":4}}},"7":{"name":"(anonymous_16)","decl":{"start":{"line":85,"column":45},"end":{"line":85,"column":null}},"loc":{"start":{"line":85,"column":45},"end":{"line":141,"column":3}}}},"branchMap":{"0":{"loc":{"start":{"line":58,"column":4},"end":{"line":81,"column":null}},"type":"if","locations":[{"start":{"line":58,"column":4},"end":{"line":81,"column":null}},{"start":{"line":63,"column":11},"end":{"line":81,"column":null}}]},"1":{"loc":{"start":{"line":68,"column":8},"end":{"line":77,"column":null}},"type":"if","locations":[{"start":{"line":68,"column":8},"end":{"line":77,"column":null}},{"start":{"line":70,"column":15},"end":{"line":77,"column":null}}]},"2":{"loc":{"start":{"line":91,"column":4},"end":{"line":140,"column":null}},"type":"if","locations":[{"start":{"line":91,"column":4},"end":{"line":140,"column":null}},{"start":{"line":96,"column":11},"end":{"line":140,"column":null}}]},"3":{"loc":{"start":{"line":104,"column":8},"end":{"line":108,"column":null}},"type":"if","locations":[{"start":{"line":104,"column":8},"end":{"line":108,"column":null}}]},"4":{"loc":{"start":{"line":116,"column":8},"end":{"line":120,"column":null}},"type":"if","locations":[{"start":{"line":116,"column":8},"end":{"line":120,"column":null}}]}},"s":{"0":1,"1":1,"2":1,"3":1,"4":1,"5":0,"6":0,"7":0,"8":0,"9":0,"10":0,"11":0,"12":0,"13":0,"14":0,"15":0,"16":0,"17":0,"18":0,"19":0,"20":0,"21":0,"22":0,"23":0,"24":0,"25":0,"26":0,"27":0,"28":0,"29":0,"30":0,"31":0,"32":0,"33":0,"34":0,"35":0,"36":0,"37":0,"38":0,"39":0,"40":0,"41":0,"42":0,"43":0,"44":0,"45":0,"46":0,"47":0,"48":0,"49":0,"50":0,"51":0,"52":1},"f":{"0":0,"1":0,"2":0,"3":0,"4":0,"5":0,"6":0,"7":0},"b":{"0":[0,0],"1":[0,0],"2":[0,0],"3":[0],"4":[0]}}
,"/home/olaide/work-space/node/fashion_hub/src/utils.ts": {"path":"/home/olaide/work-space/node/fashion_hub/src/utils.ts","statementMap":{"0":{"start":{"line":1,"column":0},"end":{"line":1,"column":22}},"1":{"start":{"line":2,"column":0},"end":{"line":2,"column":31}},"2":{"start":{"line":3,"column":0},"end":{"line":3,"column":30}},"3":{"start":{"line":12,"column":13},"end":{"line":23,"column":3}},"4":{"start":{"line":25,"column":38},"end":{"line":36,"column":1}},"5":{"start":{"line":28,"column":2},"end":{"line":35,"column":4}},"6":{"start":{"line":25,"column":13},"end":{"line":25,"column":38}},"7":{"start":{"line":38,"column":13},"end":{"line":46,"column":3}},"8":{"start":{"line":48,"column":33},"end":{"line":53,"column":1}},"9":{"start":{"line":49,"column":2},"end":{"line":52,"column":4}},"10":{"start":{"line":48,"column":13},"end":{"line":48,"column":33}},"11":{"start":{"line":55,"column":28},"end":{"line":69,"column":1}},"12":{"start":{"line":56,"column":2},"end":{"line":68,"column":5}},"13":{"start":{"line":57,"column":4},"end":{"line":67,"column":7}},"14":{"start":{"line":58,"column":6},"end":{"line":60,"column":null}},"15":{"start":{"line":59,"column":8},"end":{"line":59,"column":20}},"16":{"start":{"line":61,"column":6},"end":{"line":66,"column":9}},"17":{"start":{"line":62,"column":8},"end":{"line":64,"column":null}},"18":{"start":{"line":63,"column":10},"end":{"line":63,"column":22}},"19":{"start":{"line":65,"column":8},"end":{"line":65,"column":22}},"20":{"start":{"line":55,"column":13},"end":{"line":55,"column":28}},"21":{"start":{"line":71,"column":31},"end":{"line":78,"column":1}},"22":{"start":{"line":72,"column":2},"end":{"line":72,"column":54}},"23":{"start":{"line":73,"column":2},"end":{"line":73,"column":24}},"24":{"start":{"line":74,"column":2},"end":{"line":74,"column":22}},"25":{"start":{"line":76,"column":2},"end":{"line":76,"column":54}},"26":{"start":{"line":77,"column":2},"end":{"line":77,"column":46}},"27":{"start":{"line":71,"column":13},"end":{"line":71,"column":31}}},"fnMap":{"0":{"name":"(anonymous_1)","decl":{"start":{"line":25,"column":38},"end":{"line":25,"column":null}},"loc":{"start":{"line":27,"column":23},"end":{"line":36,"column":1}}},"1":{"name":"(anonymous_2)","decl":{"start":{"line":48,"column":33},"end":{"line":48,"column":34}},"loc":{"start":{"line":48,"column":78},"end":{"line":53,"column":1}}},"2":{"name":"(anonymous_3)","decl":{"start":{"line":55,"column":28},"end":{"line":55,"column":29}},"loc":{"start":{"line":55,"column":49},"end":{"line":69,"column":1}}},"3":{"name":"(anonymous_4)","decl":{"start":{"line":56,"column":21},"end":{"line":56,"column":22}},"loc":{"start":{"line":56,"column":41},"end":{"line":68,"column":3}}},"4":{"name":"(anonymous_5)","decl":{"start":{"line":57,"column":23},"end":{"line":57,"column":24}},"loc":{"start":{"line":57,"column":37},"end":{"line":67,"column":5}}},"5":{"name":"(anonymous_6)","decl":{"start":{"line":61,"column":34},"end":{"line":61,"column":35}},"loc":{"start":{"line":61,"column":48},"end":{"line":66,"column":7}}},"6":{"name":"(anonymous_7)","decl":{"start":{"line":71,"column":31},"end":{"line":71,"column":32}},"loc":{"start":{"line":71,"column":68},"end":{"line":78,"column":1}}}},"branchMap":{"0":{"loc":{"start":{"line":30,"column":24},"end":{"line":30,"column":42}},"type":"cond-expr","locations":[{"start":{"line":30,"column":34},"end":{"line":30,"column":36}},{"start":{"line":30,"column":34},"end":{"line":30,"column":42}}]},"1":{"loc":{"start":{"line":30,"column":24},"end":{"line":30,"column":36}},"type":"binary-expr","locations":[{"start":{"line":30,"column":24},"end":{"line":30,"column":36}},{"start":{"line":30,"column":34},"end":{"line":30,"column":36}}]},"2":{"loc":{"start":{"line":31,"column":29},"end":{"line":31,"column":52}},"type":"cond-expr","locations":[{"start":{"line":31,"column":44},"end":{"line":31,"column":46}},{"start":{"line":31,"column":44},"end":{"line":31,"column":52}}]},"3":{"loc":{"start":{"line":31,"column":29},"end":{"line":31,"column":46}},"type":"binary-expr","locations":[{"start":{"line":31,"column":29},"end":{"line":31,"column":46}},{"start":{"line":31,"column":44},"end":{"line":31,"column":46}}]},"4":{"loc":{"start":{"line":32,"column":28},"end":{"line":32,"column":50}},"type":"cond-expr","locations":[{"start":{"line":32,"column":42},"end":{"line":32,"column":44}},{"start":{"line":32,"column":42},"end":{"line":32,"column":50}}]},"5":{"loc":{"start":{"line":32,"column":28},"end":{"line":32,"column":44}},"type":"binary-expr","locations":[{"start":{"line":32,"column":28},"end":{"line":32,"column":44}},{"start":{"line":32,"column":42},"end":{"line":32,"column":44}}]},"6":{"loc":{"start":{"line":33,"column":25},"end":{"line":33,"column":44}},"type":"cond-expr","locations":[{"start":{"line":33,"column":36},"end":{"line":33,"column":38}},{"start":{"line":33,"column":36},"end":{"line":33,"column":44}}]},"7":{"loc":{"start":{"line":33,"column":25},"end":{"line":33,"column":38}},"type":"binary-expr","locations":[{"start":{"line":33,"column":25},"end":{"line":33,"column":38}},{"start":{"line":33,"column":36},"end":{"line":33,"column":38}}]},"8":{"loc":{"start":{"line":34,"column":27},"end":{"line":34,"column":48}},"type":"cond-expr","locations":[{"start":{"line":34,"column":40},"end":{"line":34,"column":42}},{"start":{"line":34,"column":40},"end":{"line":34,"column":48}}]},"9":{"loc":{"start":{"line":34,"column":27},"end":{"line":34,"column":42}},"type":"binary-expr","locations":[{"start":{"line":34,"column":27},"end":{"line":34,"column":42}},{"start":{"line":34,"column":40},"end":{"line":34,"column":42}}]},"10":{"loc":{"start":{"line":50,"column":24},"end":{"line":50,"column":42}},"type":"cond-expr","locations":[{"start":{"line":50,"column":34},"end":{"line":50,"column":36}},{"start":{"line":50,"column":34},"end":{"line":50,"column":42}}]},"11":{"loc":{"start":{"line":50,"column":24},"end":{"line":50,"column":36}},"type":"binary-expr","locations":[{"start":{"line":50,"column":24},"end":{"line":50,"column":36}},{"start":{"line":50,"column":34},"end":{"line":50,"column":36}}]},"12":{"loc":{"start":{"line":51,"column":27},"end":{"line":51,"column":48}},"type":"cond-expr","locations":[{"start":{"line":51,"column":40},"end":{"line":51,"column":42}},{"start":{"line":51,"column":40},"end":{"line":51,"column":48}}]},"13":{"loc":{"start":{"line":51,"column":27},"end":{"line":51,"column":42}},"type":"binary-expr","locations":[{"start":{"line":51,"column":27},"end":{"line":51,"column":42}},{"start":{"line":51,"column":40},"end":{"line":51,"column":42}}]},"14":{"loc":{"start":{"line":58,"column":6},"end":{"line":60,"column":null}},"type":"if","locations":[{"start":{"line":58,"column":6},"end":{"line":60,"column":null}}]},"15":{"loc":{"start":{"line":62,"column":8},"end":{"line":64,"column":null}},"type":"if","locations":[{"start":{"line":62,"column":8},"end":{"line":64,"column":null}}]}},"s":{"0":1,"1":1,"2":1,"3":1,"4":1,"5":0,"6":1,"7":1,"8":1,"9":0,"10":1,"11":1,"12":0,"13":0,"14":0,"15":0,"16":0,"17":0,"18":0,"19":0,"20":1,"21":1,"22":0,"23":0,"24":0,"25":0,"26":0,"27":1},"f":{"0":0,"1":0,"2":0,"3":0,"4":0,"5":0,"6":0},"b":{"0":[0,0],"1":[0,0],"2":[0,0],"3":[0,0],"4":[0,0],"5":[0,0],"6":[0,0],"7":[0,0],"8":[0,0],"9":[0,0],"10":[0,0],"11":[0,0],"12":[0,0],"13":[0,0],"14":[0],"15":[0]}}
,"/home/olaide/work-space/node/fashion_hub/src/db/createDBConnection.ts": {"path":"/home/olaide/work-space/node/fashion_hub/src/db/createDBConnection.ts","statementMap":{"0":{"start":{"line":1,"column":0},"end":{"line":1,"column":28}},"1":{"start":{"line":4,"column":17},"end":{"line":10,"column":4}},"2":{"start":{"line":12,"column":2},"end":{"line":18,"column":5}},"3":{"start":{"line":13,"column":4},"end":{"line":17,"column":null}},"4":{"start":{"line":14,"column":6},"end":{"line":14,"column":54}},"5":{"start":{"line":16,"column":6},"end":{"line":16,"column":75}},"6":{"start":{"line":20,"column":2},"end":{"line":20,"column":16}},"7":{"start":{"line":24,"column":17},"end":{"line":24,"column":47}},"8":{"start":{"line":25,"column":2},"end":{"line":31,"column":4}},"9":{"start":{"line":28,"column":6},"end":{"line":28,"column":53}},"10":{"start":{"line":29,"column":6},"end":{"line":29,"column":32}},"11":{"start":{"line":23,"column":0},"end":{"line":23,"column":22}},"12":{"start":{"line":34,"column":0},"end":{"line":34,"column":34}}},"fnMap":{"0":{"name":"createDbConnection","decl":{"start":{"line":3,"column":15},"end":{"line":3,"column":33}},"loc":{"start":{"line":3,"column":45},"end":{"line":21,"column":null}}},"1":{"name":"(anonymous_9)","decl":{"start":{"line":12,"column":23},"end":{"line":12,"column":24}},"loc":{"start":{"line":12,"column":31},"end":{"line":18,"column":3}}},"2":{"name":"createWrappedDbClient","decl":{"start":{"line":23,"column":22},"end":{"line":23,"column":43}},"loc":{"start":{"line":23,"column":55},"end":{"line":32,"column":null}}},"3":{"name":"(anonymous_12)","decl":{"start":{"line":27,"column":11},"end":{"line":27,"column":12}},"loc":{"start":{"line":27,"column":28},"end":{"line":30,"column":5}}}},"branchMap":{"0":{"loc":{"start":{"line":3,"column":34},"end":{"line":3,"column":45}},"type":"default-arg","locations":[{"start":{"line":3,"column":41},"end":{"line":3,"column":45}}]},"1":{"loc":{"start":{"line":13,"column":4},"end":{"line":17,"column":null}},"type":"if","locations":[{"start":{"line":13,"column":4},"end":{"line":17,"column":null}},{"start":{"line":15,"column":11},"end":{"line":17,"column":null}}]},"2":{"loc":{"start":{"line":23,"column":44},"end":{"line":23,"column":55}},"type":"default-arg","locations":[{"start":{"line":23,"column":51},"end":{"line":23,"column":55}}]}},"s":{"0":1,"1":0,"2":0,"3":0,"4":0,"5":0,"6":0,"7":0,"8":0,"9":0,"10":0,"11":1,"12":1},"f":{"0":0,"1":0,"2":0,"3":0},"b":{"0":[0],"1":[0,0],"2":[0]}}
,"/home/olaide/work-space/node/fashion_hub/src/test/createTestDbContainer.ts": {"path":"/home/olaide/work-space/node/fashion_hub/src/test/createTestDbContainer.ts","statementMap":{"0":{"start":{"line":1,"column":0},"end":{"line":1,"column":72}},"1":{"start":{"line":4,"column":2},"end":{"line":9,"column":13}},"2":{"start":{"line":3,"column":0},"end":{"line":3,"column":30}}},"fnMap":{"0":{"name":"createTestDbContainer","decl":{"start":{"line":3,"column":30},"end":{"line":3,"column":51}},"loc":{"start":{"line":3,"column":51},"end":{"line":10,"column":null}}}},"branchMap":{},"s":{"0":1,"1":1,"2":1},"f":{"0":1},"b":{}}
}
