TN:
SF:src/app.ts
FN:9,(anonymous_1)
FN:10,(anonymous_2)
FNF:2
FNH:0
FNDA:0,(anonymous_1)
FNDA:0,(anonymous_2)
DA:1,0
DA:2,0
DA:3,0
DA:7,0
DA:9,0
DA:10,0
DA:11,0
LF:7
LH:0
BRF:0
BRH:0
end_of_record
TN:
SF:src/config.ts
FNF:0
FNH:0
DA:3,0
DA:9,0
LF:2
LH:0
BRF:0
BRH:0
end_of_record
TN:
SF:src/server.ts
FN:19,createServer
FN:31,(anonymous_10)
FN:40,(anonymous_11)
FN:40,(anonymous_12)
FN:45,(anonymous_13)
FN:45,(anonymous_14)
FN:85,(anonymous_15)
FN:85,(anonymous_16)
FNF:8
FNH:0
FNDA:0,createServer
FNDA:0,(anonymous_10)
FNDA:0,(anonymous_11)
FNDA:0,(anonymous_12)
FNDA:0,(anonymous_13)
FNDA:0,(anonymous_14)
FNDA:0,(anonymous_15)
FNDA:0,(anonymous_16)
DA:3,1
DA:4,1
DA:5,1
DA:7,1
DA:9,1
DA:20,0
DA:23,0
DA:28,0
DA:31,0
DA:32,0
DA:33,0
DA:34,0
DA:40,0
DA:41,0
DA:42,0
DA:45,0
DA:47,0
DA:48,0
DA:50,0
DA:52,0
DA:58,0
DA:59,0
DA:60,0
DA:64,0
DA:65,0
DA:68,0
DA:69,0
DA:72,0
DA:74,0
DA:79,0
DA:82,0
DA:85,0
DA:86,0
DA:88,0
DA:91,0
DA:92,0
DA:93,0
DA:97,0
DA:98,0
DA:104,0
DA:105,0
DA:111,0
DA:115,0
DA:116,0
DA:117,0
DA:124,0
DA:132,0
DA:138,0
DA:143,0
DA:149,1
LF:50
LH:6
BRDA:58,0,0,0
BRDA:58,0,1,0
BRDA:68,1,0,0
BRDA:68,1,1,0
BRDA:91,2,0,0
BRDA:91,2,1,0
BRDA:104,3,0,0
BRDA:116,4,0,0
BRF:8
BRH:0
end_of_record
TN:
SF:src/utils.ts
FN:25,(anonymous_1)
FN:48,(anonymous_2)
FN:55,(anonymous_3)
FN:56,(anonymous_4)
FN:57,(anonymous_5)
FN:61,(anonymous_6)
FN:71,(anonymous_7)
FNF:7
FNH:0
FNDA:0,(anonymous_1)
FNDA:0,(anonymous_2)
FNDA:0,(anonymous_3)
FNDA:0,(anonymous_4)
FNDA:0,(anonymous_5)
FNDA:0,(anonymous_6)
FNDA:0,(anonymous_7)
DA:1,1
DA:2,1
DA:3,1
DA:12,1
DA:25,1
DA:28,0
DA:38,1
DA:48,1
DA:49,0
DA:55,1
DA:56,0
DA:57,0
DA:58,0
DA:59,0
DA:61,0
DA:62,0
DA:63,0
DA:65,0
DA:71,1
DA:72,0
DA:73,0
DA:74,0
DA:76,0
DA:77,0
LF:24
LH:9
BRDA:30,0,0,0
BRDA:30,0,1,0
BRDA:30,1,0,0
BRDA:30,1,1,0
BRDA:31,2,0,0
BRDA:31,2,1,0
BRDA:31,3,0,0
BRDA:31,3,1,0
BRDA:32,4,0,0
BRDA:32,4,1,0
BRDA:32,5,0,0
BRDA:32,5,1,0
BRDA:33,6,0,0
BRDA:33,6,1,0
BRDA:33,7,0,0
BRDA:33,7,1,0
BRDA:34,8,0,0
BRDA:34,8,1,0
BRDA:34,9,0,0
BRDA:34,9,1,0
BRDA:50,10,0,0
BRDA:50,10,1,0
BRDA:50,11,0,0
BRDA:50,11,1,0
BRDA:51,12,0,0
BRDA:51,12,1,0
BRDA:51,13,0,0
BRDA:51,13,1,0
BRDA:58,14,0,0
BRDA:62,15,0,0
BRF:30
BRH:0
end_of_record
TN:
SF:src/db/createDBConnection.ts
FN:3,createDbConnection
FN:12,(anonymous_9)
FN:23,createWrappedDbClient
FN:27,(anonymous_12)
FNF:4
FNH:0
FNDA:0,createDbConnection
FNDA:0,(anonymous_9)
FNDA:0,createWrappedDbClient
FNDA:0,(anonymous_12)
DA:1,1
DA:4,0
DA:12,0
DA:13,0
DA:14,0
DA:16,0
DA:20,0
DA:23,1
DA:24,0
DA:25,0
DA:28,0
DA:29,0
DA:34,1
LF:13
LH:3
BRDA:3,0,0,0
BRDA:13,1,0,0
BRDA:13,1,1,0
BRDA:23,2,0,0
BRF:4
BRH:0
end_of_record
TN:
SF:src/test/createTestDbContainer.ts
FN:3,createTestDbContainer
FNF:1
FNH:1
FNDA:1,createTestDbContainer
DA:1,1
DA:3,1
DA:4,1
LF:3
LH:3
BRF:0
BRH:0
end_of_record
